<?xml version="1.0" encoding="UTF-8"?>
<!-- Generated by org.testng.reporters.JUnitXMLReporter -->
<testsuite ignored="0" hostname="Lenovo-PC" failures="0" tests="6" name="Default test" time="0.47" errors="0" timestamp="2024-06-05T14:13:14 IST">
  <testcase classname="com.TestNG_SampleA.SampleB" name="Test1" time="0.035"/>
  <testcase classname="com.TestNG_SampleA.SampleB" name="Test2" time="0.006"/>
  <testcase classname="com.TestNG_SampleA.SampleB" name="Test3" time="0.006"/>
  <testcase classname="com.TestNG_SampleA.SampleB" name="Test4" time="0.007"/>
  <testcase classname="com.TestNG_SampleA.SampleB" name="Test5" time="0.014"/>
  <testcase classname="com.TestNG_SampleA.SampleB" name="Test6" time="0.006"/>
</testsuite> <!-- Default test -->
