<?xml version="1.0" encoding="UTF-8"?>
<!-- Generated by org.testng.reporters.JUnitXMLReporter -->
<testsuite ignored="0" hostname="Lenovo-PC" failures="0" tests="9" name="Test" time="1.086" errors="0" timestamp="2024-05-06T15:27:15 IST">
  <testcase classname="com.TestNG_SampleA.SampleA" name="AtTest1" time="0.093"/>
  <testcase classname="com.TestNG_SampleA.SampleA" name="AtTest2" time="0.011"/>
  <testcase classname="com.TestNG_SampleA.SampleA" name="f" time="0.013"/>
  <testcase classname="com.TestNG_SampleA.SampleB" name="Test1" time="0.041"/>
  <testcase classname="com.TestNG_SampleA.SampleB" name="Test2" time="0.04"/>
  <testcase classname="com.TestNG_SampleA.SampleB" name="Test3" time="0.012"/>
  <testcase classname="com.TestNG_SampleA.SampleB" name="Test4" time="0.011"/>
  <testcase classname="com.TestNG_SampleA.SampleB" name="Test5" time="0.0"/>
  <testcase classname="com.TestNG_SampleA.SampleB" name="Test6" time="0.01"/>
</testsuite> <!-- Test -->
