<?xml version="1.0" encoding="UTF-8"?>
<testng-results ignored="0" total="6" passed="6" failed="0" skipped="0">
  <reporter-output>
  </reporter-output>
  <suite started-at="2024-06-05T14:13:13 IST" name="Default suite" finished-at="2024-06-05T14:13:14 IST" duration-ms="470">
    <groups>
    </groups>
    <test started-at="2024-06-05T14:13:13 IST" name="Default test" finished-at="2024-06-05T14:13:14 IST" duration-ms="470">
      <class name="com.TestNG_SampleA.SampleB">
        <test-method signature="Test1()[pri:-5, instance:com.TestNG_SampleA.SampleB@5524cca1]" started-at="2024-06-05T14:13:14 IST" name="Test1" finished-at="2024-06-05T14:13:14 IST" duration-ms="35" status="PASS">
          <reporter-output>
          </reporter-output>
        </test-method> <!-- Test1 -->
        <test-method signature="Test2()[pri:0, instance:com.TestNG_SampleA.SampleB@5524cca1]" started-at="2024-06-05T14:13:14 IST" name="Test2" finished-at="2024-06-05T14:13:14 IST" duration-ms="6" status="PASS">
          <reporter-output>
          </reporter-output>
        </test-method> <!-- Test2 -->
        <test-method signature="Test3()[pri:2, instance:com.TestNG_SampleA.SampleB@5524cca1]" started-at="2024-06-05T14:13:14 IST" name="Test3" finished-at="2024-06-05T14:13:14 IST" duration-ms="6" status="PASS">
          <reporter-output>
          </reporter-output>
        </test-method> <!-- Test3 -->
        <test-method signature="Test4()[pri:4, instance:com.TestNG_SampleA.SampleB@5524cca1]" started-at="2024-06-05T14:13:14 IST" name="Test4" finished-at="2024-06-05T14:13:14 IST" duration-ms="7" status="PASS">
          <reporter-output>
          </reporter-output>
        </test-method> <!-- Test4 -->
        <test-method signature="Test5()[pri:5, instance:com.TestNG_SampleA.SampleB@5524cca1]" started-at="2024-06-05T14:13:14 IST" name="Test5" finished-at="2024-06-05T14:13:14 IST" duration-ms="14" status="PASS">
          <reporter-output>
          </reporter-output>
        </test-method> <!-- Test5 -->
        <test-method signature="Test6()[pri:8, instance:com.TestNG_SampleA.SampleB@5524cca1]" started-at="2024-06-05T14:13:14 IST" name="Test6" finished-at="2024-06-05T14:13:14 IST" duration-ms="6" status="PASS">
          <reporter-output>
          </reporter-output>
        </test-method> <!-- Test6 -->
      </class> <!-- com.TestNG_SampleA.SampleB -->
    </test> <!-- Default test -->
  </suite> <!-- Default suite -->
</testng-results>
